\BOOKMARK [1][-]{section.1}{Introduction}{}% 1
\BOOKMARK [1][-]{section.2}{Relevant Literature}{}% 2
\BOOKMARK [1][-]{section.3}{Preliminaries}{}% 3
\BOOKMARK [1][-]{section.4}{Uninformed Search}{}% 4
\BOOKMARK [2][-]{subsection.4.1}{Completeness and Optimality}{section.4}% 5
\BOOKMARK [2][-]{subsection.4.2}{Breadth-First Search}{section.4}% 6
\BOOKMARK [2][-]{subsection.4.3}{Depth-First Search}{section.4}% 7
\BOOKMARK [2][-]{subsection.4.4}{Depth-Limited Search}{section.4}% 8
\BOOKMARK [2][-]{subsection.4.5}{Depth-First Search Iterative Deepening}{section.4}% 9
\BOOKMARK [2][-]{subsection.4.6}{Evaluation Of Uninformed Searches}{section.4}% 10
\BOOKMARK [1][-]{section.5}{Informed Search}{}% 11
\BOOKMARK [2][-]{subsection.5.1}{Heuristic Search}{section.5}% 12
\BOOKMARK [3][-]{subsubsection.5.1.1}{Admissible Heuristics}{subsection.5.1}% 13
\BOOKMARK [3][-]{subsubsection.5.1.2}{Consistent Heuristics}{subsection.5.1}% 14
\BOOKMARK [3][-]{subsubsection.5.1.3}{Manhattan Distance}{subsection.5.1}% 15
\BOOKMARK [3][-]{subsubsection.5.1.4}{Linear-Conflict Heuristic}{subsection.5.1}% 16
\BOOKMARK [2][-]{subsection.5.2}{A* Algorithm}{section.5}% 17
\BOOKMARK [2][-]{subsection.5.3}{Iterative Deepening A*}{section.5}% 18
\BOOKMARK [1][-]{section.6}{Pattern Databases}{}% 19
\BOOKMARK [2][-]{subsection.6.1}{Non-Additive Pattern Databases}{section.6}% 20
\BOOKMARK [2][-]{subsection.6.2}{Statically-Partitioned Additive Database Heuristics}{section.6}% 21
\BOOKMARK [1][-]{section.7}{Design}{}% 22
\BOOKMARK [2][-]{subsection.7.1}{Implementation}{section.7}% 23
\BOOKMARK [3][-]{subsubsection.7.1.1}{Representing the state}{subsection.7.1}% 24
\BOOKMARK [2][-]{subsection.7.2}{Implementation}{section.7}% 25
\BOOKMARK [1][-]{section.8}{Experimental Results}{}% 26
\BOOKMARK [2][-]{subsection.8.1}{Preliminaries}{section.8}% 27
\BOOKMARK [2][-]{subsection.8.2}{8-Puzzle}{section.8}% 28
\BOOKMARK [3][-]{subsubsection.8.2.1}{BFS}{subsection.8.2}% 29
\BOOKMARK [3][-]{subsubsection.8.2.2}{DFID}{subsection.8.2}% 30
\BOOKMARK [3][-]{subsubsection.8.2.3}{A*}{subsection.8.2}% 31
\BOOKMARK [3][-]{subsubsection.8.2.4}{Manhattan Distance and Linear Conflict}{subsection.8.2}% 32
\BOOKMARK [2][-]{subsection.8.3}{15-Puzzle}{section.8}% 33
\BOOKMARK [3][-]{subsubsection.8.3.1}{IDA*}{subsection.8.3}% 34
\BOOKMARK [2][-]{subsection.8.4}{Statically-Partioned Additive Database Heuristics}{section.8}% 35
\BOOKMARK [2][-]{subsection.8.5}{Tower Of Hanoi}{section.8}% 36
\BOOKMARK [1][-]{section*.19}{References}{}% 37
