\BOOKMARK [1][-]{section.1}{Introduction}{}% 1
\BOOKMARK [1][-]{section.2}{Program Architecture}{}% 2
\BOOKMARK [2][-]{subsection.2.1}{Initial Implementation}{section.2}% 3
\BOOKMARK [1][-]{section.3}{Brute-Force Search}{}% 4
\BOOKMARK [2][-]{subsection.3.1}{Breadth-First Search}{section.3}% 5
\BOOKMARK [2][-]{subsection.3.2}{Depth-First Search}{section.3}% 6
\BOOKMARK [2][-]{subsection.3.3}{Depth-First Search Iterative Deepening}{section.3}% 7
\BOOKMARK [2][-]{subsection.3.4}{Evaluation Of Brute-Force Searches}{section.3}% 8
\BOOKMARK [1][-]{section.4}{Heuristic Search}{}% 9
\BOOKMARK [2][-]{subsection.4.1}{Admissible Heuristics}{section.4}% 10
\BOOKMARK [2][-]{subsection.4.2}{Consistent Heuristics}{section.4}% 11
\BOOKMARK [2][-]{subsection.4.3}{Heuristic Evaluation Functions}{section.4}% 12
\BOOKMARK [3][-]{subsubsection.4.3.1}{Manhattan Distance}{subsection.4.3}% 13
\BOOKMARK [3][-]{subsubsection.4.3.2}{Linear Conflict Heuristic}{subsection.4.3}% 14
\BOOKMARK [2][-]{subsection.4.4}{A* Algorithm}{section.4}% 15
\BOOKMARK [3][-]{subsubsection.4.4.1}{Linear Conflict Or Manhattan Distance}{subsection.4.4}% 16
\BOOKMARK [1][-]{section.5}{Fifteen Tile Puzzle}{}% 17
\BOOKMARK [2][-]{subsection.5.1}{Iterative Deepening A*}{section.5}% 18
\BOOKMARK [1][-]{section.6}{Pattern Databases}{}% 19
\BOOKMARK [2][-]{subsection.6.1}{Solvability Of Tile Games}{section.6}% 20
\BOOKMARK [2][-]{subsection.6.2}{Non-Additive Pattern Databases}{section.6}% 21
\BOOKMARK [3][-]{subsubsection.6.2.1}{Non-Additive Pattern Database Limitations}{subsection.6.2}% 22
\BOOKMARK [2][-]{subsection.6.3}{Statically-Partitioned Additive Database Heuristics}{section.6}% 23
\BOOKMARK [1][-]{section.7}{Gantt Chart}{}% 24
\BOOKMARK [1][-]{section*.13}{References}{}% 25
